<?xml version="1.0" encoding="UTF-8"?>
<testng-results skipped="0" failed="0" ignored="0" total="1" passed="1">
  <reporter-output>
  </reporter-output>
  <suite name="Suite" duration-ms="30856" started-at="2018-08-21T18:51:40Z" finished-at="2018-08-21T18:52:11Z">
    <groups>
    </groups>
    <test name="Test" duration-ms="30856" started-at="2018-08-21T18:51:40Z" finished-at="2018-08-21T18:52:11Z">
      <class name="MyGroup.MavenDemo.LoginTest">
        <test-method status="PASS" signature="launch()[pri:0, instance:MyGroup.MavenDemo.LoginTest@685cb137]" name="launch" duration-ms="30792" started-at="2018-08-21T18:51:40Z" finished-at="2018-08-21T18:52:10Z">
          <reporter-output>
          </reporter-output>
        </test-method> <!-- launch -->
      </class> <!-- MyGroup.MavenDemo.LoginTest -->
    </test> <!-- Test -->
  </suite> <!-- Suite -->
</testng-results>
